
GET: /api/contacts | 23-04-2023_08:33:07
GET: /api/contacts | 25-04-2023_02:56:09
GET: /api/contacts | 26-04-2023_12:56:48
GET: /api/contacts/qweqeqwew | 26-04-2023_12:56:54
GET: /api/contacts | 26-04-2023_01:28:38
GET: /api/contacts | 26-04-2023_01:29:58
PUT: /api/contacts | 26-04-2023_01:30:28
POST: /api/contacts | 26-04-2023_01:30:40
POST: /api/contacts | 26-04-2023_01:30:55
GET: /api/contacts | 02-05-2023_10:09:28
GET: /api/contacts | 02-05-2023_10:09:42
GET: /api/contacts | 02-05-2023_10:10:08
GET: /api/contacts | 02-05-2023_10:11:46
GET: /api/contacts | 02-05-2023_10:12:02
GET: /api/contacts | 02-05-2023_10:12:51
GET: /api/contactsz | 02-05-2023_10:15:58
GET: /api/contactsz | 02-05-2023_10:16:16
GET: /api/contacts | 02-05-2023_10:16:45
GET: /api/contacts | 02-05-2023_10:17:13
GET: /api/contacts | 02-05-2023_10:17:52
GET: /api/contacts | 02-05-2023_10:18:20
GET: /api/contacts | 02-05-2023_10:18:41
GET: /api/contacts | 02-05-2023_10:19:08
GET: /api/contacts | 02-05-2023_10:19:39
GET: /api/contacts | 02-05-2023_10:20:03
GET: /api/contacts | 03-05-2023_11:09:10
GET: /api/contacts | 03-05-2023_04:08:37
GET: /api/contacts | 03-05-2023_04:09:45
POST: /api/contacts | 03-05-2023_04:11:10
POST: /api/contacts | 03-05-2023_04:11:39
POST: /api/contacts | 03-05-2023_04:12:07
POST: /api/contacts | 03-05-2023_04:12:27
POST: /api/contacts | 03-05-2023_04:12:43
POST: /api/contacts | 03-05-2023_04:14:23
DELETE: /api/contacts | 03-05-2023_04:15:40
DELETE: /api/contacts/64525e2f18e546123d005d94 | 03-05-2023_04:16:01
DELETE: /api/contacts/ | 03-05-2023_04:16:14
DELETE: /api/contacts/ | 03-05-2023_04:16:15
DELETE: /api/contacts | 03-05-2023_04:16:16
GET: /api/contacts/644ea4b6c94f31d52db009b8 | 03-05-2023_04:17:49
GET: /api/contacts/644ea4b6c94f31d52db009b8 | 03-05-2023_04:17:55
POST: /api/contacts/644ea4b6c94f31d52db009b8 | 03-05-2023_04:18:51
POST: /api/contacts | 03-05-2023_04:18:57
POST: /api/contacts | 03-05-2023_04:21:25
POST: /api/contacts | 03-05-2023_04:21:32
GET: /api/contacts/ | 03-05-2023_04:23:15
GET: /api/contacts | 03-05-2023_04:23:18
GET: /api/contacts | 03-05-2023_04:27:02
GET: /api/contacts | 03-05-2023_04:27:07
GET: /api/contacts | 03-05-2023_04:27:40
GET: /api/contacts | 03-05-2023_04:27:53
GET: /api/contacts/64525fdcd062263dac902003 | 03-05-2023_04:33:28
GET: /api/contacts/64525fdcd062263dac902003 | 03-05-2023_04:33:45
POST: /api/contacts/64525fdcd062263dac902003 | 03-05-2023_04:34:17
POST: /api/contacts/ | 03-05-2023_04:34:21
POST: /api/contacts/ | 03-05-2023_04:34:37
POST: /api/contacts/ | 03-05-2023_04:34:54
POST: /api/contacts/ | 03-05-2023_04:35:24
POST: /api/contacts/ | 03-05-2023_04:35:55
PUT: /api/contacts/ | 03-05-2023_04:36:51
PUT: /api/contacts/ | 03-05-2023_04:37:07
GET: /api/contacts/ | 03-05-2023_04:37:10
PUT: /api/contacts/6452633be1eb29762d11a8d8 | 03-05-2023_04:37:22
DELETE: /api/contacts/6452633be1eb29762d11a8d8 | 03-05-2023_04:38:00
DELETE: /api/contacts/6452633be1eb29762d11a8d8 | 03-05-2023_04:38:10
DELETE: /api/contacts/6452633be1eb29762d11a8 | 03-05-2023_04:46:03
GET: /api/contacts | 04-05-2023_05:38:51
GET: /api/contacts/64525fdcd062263dac902003 | 04-05-2023_05:39:00
PATCH: /api/contacts/64525fdcd062263dac902003 | 04-05-2023_05:39:26
PATCH: /api/contacts/64525fdcd062263dac902003 | 04-05-2023_05:40:04
PUT: /api/contacts/64525fdcd062263dac902003 | 04-05-2023_05:40:24
GET: /api/contacts/64525fdcd062263dac902003 | 04-05-2023_05:40:43
PUT: /api/contacts/64525fdcd062263dac902003 | 04-05-2023_05:41:13
DELETE: /api/contacts/64525fdcd062263dac902003 | 04-05-2023_05:42:04
DELETE: /api/contacts/ | 04-05-2023_06:55:34
DELETE: / | 04-05-2023_06:55:40
DELETE: /api/contacts | 04-05-2023_06:56:08
GET: /api/contacts | 04-05-2023_06:56:50
PATCH: /api/contacts | 04-05-2023_06:57:00
PATCH: /api/contacts | 04-05-2023_06:57:54
PATCH: /api/contacts | 04-05-2023_07:05:07
PATCH: /api/contacts | 04-05-2023_07:07:59
PATCH: /api/contacts | 04-05-2023_07:08:19
PATCH: /api/contacts | 04-05-2023_07:09:31
GET: /api/contacts | 04-05-2023_07:09:48
PATCH: /api/contacts/6453c7481e84f45103d722de | 04-05-2023_07:10:00
PATCH: /api/contacts/6453c7481e84f45103d722de | 04-05-2023_07:10:21
PATCH: /api/contacts/6453c7481e84f45103d722de | 04-05-2023_07:10:26
PATCH: /api/contacts/6453c7481e84f45103d722de | 04-05-2023_07:10:41
PATCH: /api/contacts/6453c7481e84f45103d722de | 04-05-2023_07:10:42